<?xml version="1.0" encoding="UTF-8"?>
<testsuite xmlns:xsi="http://www.w3.org/2001/XMLSchema-instance" xsi:noNamespaceSchemaLocation="https://maven.apache.org/surefire/maven-surefire-plugin/xsd/surefire-test-report-3.0.xsd" version="3.0" name="com.example.core.CoinChangeCalculatorTest" time="0.025" tests="8" errors="0" skipped="0" failures="0">
  <properties>
    <property name="java.specification.version" value="24"/>
    <property name="sun.jnu.encoding" value="UTF-8"/>
    <property name="java.class.path" value="/Users/jialingma/Desktop/coin-api/coin-api/target/test-classes:/Users/jialingma/Desktop/coin-api/coin-api/target/classes:/Users/jialingma/.m2/repository/io/dropwizard/dropwizard-core/4.0.5/dropwizard-core-4.0.5.jar:/Users/jialingma/.m2/repository/io/dropwizard/dropwizard-util/4.0.5/dropwizard-util-4.0.5.jar:/Users/jialingma/.m2/repository/io/dropwizard/dropwizard-jackson/4.0.5/dropwizard-jackson-4.0.5.jar:/Users/jialingma/.m2/repository/com/google/guava/guava/33.0.0-jre/guava-33.0.0-jre.jar:/Users/jialingma/.m2/repository/com/google/guava/failureaccess/1.0.2/failureaccess-1.0.2.jar:/Users/jialingma/.m2/repository/com/google/guava/listenablefuture/9999.0-empty-to-avoid-conflict-with-guava/listenablefuture-9999.0-empty-to-avoid-conflict-with-guava.jar:/Users/jialingma/.m2/repository/com/google/j2objc/j2objc-annotations/2.8/j2objc-annotations-2.8.jar:/Users/jialingma/.m2/repository/com/github/ben-manes/caffeine/caffeine/3.1.8/caffeine-3.1.8.jar:/Users/jialingma/.m2/repository/com/fasterxml/jackson/core/jackson-core/2.16.0/jackson-core-2.16.0.jar:/Users/jialingma/.m2/repository/com/fasterxml/jackson/datatype/jackson-datatype-guava/2.16.0/jackson-datatype-guava-2.16.0.jar:/Users/jialingma/.m2/repository/com/fasterxml/jackson/datatype/jackson-datatype-jsr310/2.16.0/jackson-datatype-jsr310-2.16.0.jar:/Users/jialingma/.m2/repository/com/fasterxml/jackson/datatype/jackson-datatype-jdk8/2.16.0/jackson-datatype-jdk8-2.16.0.jar:/Users/jialingma/.m2/repository/com/fasterxml/jackson/module/jackson-module-parameter-names/2.16.0/jackson-module-parameter-names-2.16.0.jar:/Users/jialingma/.m2/repository/com/fasterxml/jackson/module/jackson-module-blackbird/2.16.0/jackson-module-blackbird-2.16.0.jar:/Users/jialingma/.m2/repository/io/dropwizard/dropwizard-validation/4.0.5/dropwizard-validation-4.0.5.jar:/Users/jialingma/.m2/repository/org/glassfish/jakarta.el/4.0.2/jakarta.el-4.0.2.jar:/Users/jialingma/.m2/repository/jakarta/el/jakarta.el-api/4.0.0/jakarta.el-api-4.0.0.jar:/Users/jialingma/.m2/repository/io/dropwizard/dropwizard-configuration/4.0.5/dropwizard-configuration-4.0.5.jar:/Users/jialingma/.m2/repository/com/fasterxml/jackson/dataformat/jackson-dataformat-yaml/2.16.0/jackson-dataformat-yaml-2.16.0.jar:/Users/jialingma/.m2/repository/org/yaml/snakeyaml/2.2/snakeyaml-2.2.jar:/Users/jialingma/.m2/repository/org/apache/commons/commons-text/1.11.0/commons-text-1.11.0.jar:/Users/jialingma/.m2/repository/org/apache/commons/commons-lang3/3.14.0/commons-lang3-3.14.0.jar:/Users/jialingma/.m2/repository/io/dropwizard/dropwizard-logging/4.0.5/dropwizard-logging-4.0.5.jar:/Users/jialingma/.m2/repository/io/dropwizard/metrics/metrics-logback/4.2.23/metrics-logback-4.2.23.jar:/Users/jialingma/.m2/repository/org/slf4j/jul-to-slf4j/2.0.9/jul-to-slf4j-2.0.9.jar:/Users/jialingma/.m2/repository/ch/qos/logback/logback-core/1.4.14/logback-core-1.4.14.jar:/Users/jialingma/.m2/repository/com/google/errorprone/error_prone_annotations/2.23.0/error_prone_annotations-2.23.0.jar:/Users/jialingma/.m2/repository/io/dropwizard/logback/logback-throttling-appender/1.4.1/logback-throttling-appender-1.4.1.jar:/Users/jialingma/.m2/repository/org/slf4j/log4j-over-slf4j/2.0.9/log4j-over-slf4j-2.0.9.jar:/Users/jialingma/.m2/repository/org/slf4j/jcl-over-slf4j/2.0.9/jcl-over-slf4j-2.0.9.jar:/Users/jialingma/.m2/repository/io/dropwizard/dropwizard-metrics/4.0.5/dropwizard-metrics-4.0.5.jar:/Users/jialingma/.m2/repository/io/dropwizard/dropwizard-jersey/4.0.5/dropwizard-jersey-4.0.5.jar:/Users/jialingma/.m2/repository/org/glassfish/jersey/core/jersey-server/3.0.12/jersey-server-3.0.12.jar:/Users/jialingma/.m2/repository/org/glassfish/jersey/ext/jersey-metainf-services/3.0.12/jersey-metainf-services-3.0.12.jar:/Users/jialingma/.m2/repository/org/glassfish/jersey/inject/jersey-hk2/3.0.12/jersey-hk2-3.0.12.jar:/Users/jialingma/.m2/repository/org/glassfish/hk2/hk2-locator/3.0.5/hk2-locator-3.0.5.jar:/Users/jialingma/.m2/repository/org/javassist/javassist/3.30.1-GA/javassist-3.30.1-GA.jar:/Users/jialingma/.m2/repository/io/dropwizard/metrics/metrics-jersey3/4.2.23/metrics-jersey3-4.2.23.jar:/Users/jialingma/.m2/repository/com/fasterxml/jackson/jakarta/rs/jackson-jakarta-rs-json-provider/2.16.0/jackson-jakarta-rs-json-provider-2.16.0.jar:/Users/jialingma/.m2/repository/com/fasterxml/jackson/jakarta/rs/jackson-jakarta-rs-base/2.16.0/jackson-jakarta-rs-base-2.16.0.jar:/Users/jialingma/.m2/repository/com/fasterxml/jackson/module/jackson-module-jakarta-xmlbind-annotations/2.16.0/jackson-module-jakarta-xmlbind-annotations-2.16.0.jar:/Users/jialingma/.m2/repository/jakarta/xml/bind/jakarta.xml.bind-api/3.0.1/jakarta.xml.bind-api-3.0.1.jar:/Users/jialingma/.m2/repository/com/sun/activation/jakarta.activation/2.0.1/jakarta.activation-2.0.1.jar:/Users/jialingma/.m2/repository/jakarta/activation/jakarta.activation-api/2.0.1/jakarta.activation-api-2.0.1.jar:/Users/jialingma/.m2/repository/jakarta/annotation/jakarta.annotation-api/2.0.0/jakarta.annotation-api-2.0.0.jar:/Users/jialingma/.m2/repository/org/glassfish/hk2/hk2-api/3.0.5/hk2-api-3.0.5.jar:/Users/jialingma/.m2/repository/org/glassfish/hk2/hk2-utils/3.0.5/hk2-utils-3.0.5.jar:/Users/jialingma/.m2/repository/org/glassfish/hk2/external/aopalliance-repackaged/3.0.5/aopalliance-repackaged-3.0.5.jar:/Users/jialingma/.m2/repository/org/glassfish/jersey/containers/jersey-container-servlet/3.0.12/jersey-container-servlet-3.0.12.jar:/Users/jialingma/.m2/repository/org/glassfish/jersey/containers/jersey-container-servlet-core/3.0.12/jersey-container-servlet-core-3.0.12.jar:/Users/jialingma/.m2/repository/org/glassfish/jersey/core/jersey-client/3.0.12/jersey-client-3.0.12.jar:/Users/jialingma/.m2/repository/org/eclipse/jetty/jetty-io/11.0.19/jetty-io-11.0.19.jar:/Users/jialingma/.m2/repository/io/dropwizard/dropwizard-servlets/4.0.5/dropwizard-servlets-4.0.5.jar:/Users/jialingma/.m2/repository/io/dropwizard/dropwizard-jetty/4.0.5/dropwizard-jetty-4.0.5.jar:/Users/jialingma/.m2/repository/org/eclipse/jetty/jetty-servlets/11.0.19/jetty-servlets-11.0.19.jar:/Users/jialingma/.m2/repository/org/eclipse/jetty/jetty-http/11.0.19/jetty-http-11.0.19.jar:/Users/jialingma/.m2/repository/io/dropwizard/dropwizard-lifecycle/4.0.5/dropwizard-lifecycle-4.0.5.jar:/Users/jialingma/.m2/repository/io/dropwizard/dropwizard-health/4.0.5/dropwizard-health-4.0.5.jar:/Users/jialingma/.m2/repository/io/dropwizard/metrics/metrics-core/4.2.23/metrics-core-4.2.23.jar:/Users/jialingma/.m2/repository/io/dropwizard/metrics/metrics-annotation/4.2.23/metrics-annotation-4.2.23.jar:/Users/jialingma/.m2/repository/io/dropwizard/metrics/metrics-jetty11/4.2.23/metrics-jetty11-4.2.23.jar:/Users/jialingma/.m2/repository/io/dropwizard/metrics/metrics-jvm/4.2.23/metrics-jvm-4.2.23.jar:/Users/jialingma/.m2/repository/io/dropwizard/metrics/metrics-jmx/4.2.23/metrics-jmx-4.2.23.jar:/Users/jialingma/.m2/repository/io/dropwizard/metrics/metrics-jakarta-servlets/4.2.23/metrics-jakarta-servlets-4.2.23.jar:/Users/jialingma/.m2/repository/io/dropwizard/metrics/metrics-json/4.2.23/metrics-json-4.2.23.jar:/Users/jialingma/.m2/repository/com/helger/profiler/1.1.1/profiler-1.1.1.jar:/Users/jialingma/.m2/repository/io/dropwizard/metrics/metrics-healthchecks/4.2.23/metrics-healthchecks-4.2.23.jar:/Users/jialingma/.m2/repository/io/dropwizard/dropwizard-request-logging/4.0.5/dropwizard-request-logging-4.0.5.jar:/Users/jialingma/.m2/repository/ch/qos/logback/logback-access/1.4.14/logback-access-1.4.14.jar:/Users/jialingma/.m2/repository/ch/qos/logback/logback-classic/1.4.14/logback-classic-1.4.14.jar:/Users/jialingma/.m2/repository/com/fasterxml/jackson/core/jackson-databind/2.16.0/jackson-databind-2.16.0.jar:/Users/jialingma/.m2/repository/org/checkerframework/checker-qual/3.42.0/checker-qual-3.42.0.jar:/Users/jialingma/.m2/repository/jakarta/servlet/jakarta.servlet-api/5.0.0/jakarta.servlet-api-5.0.0.jar:/Users/jialingma/.m2/repository/jakarta/ws/rs/jakarta.ws.rs-api/3.0.0/jakarta.ws.rs-api-3.0.0.jar:/Users/jialingma/.m2/repository/net/sourceforge/argparse4j/argparse4j/0.9.0/argparse4j-0.9.0.jar:/Users/jialingma/.m2/repository/org/eclipse/jetty/jetty-security/11.0.19/jetty-security-11.0.19.jar:/Users/jialingma/.m2/repository/org/eclipse/jetty/jetty-server/11.0.19/jetty-server-11.0.19.jar:/Users/jialingma/.m2/repository/org/eclipse/jetty/jetty-servlet/11.0.19/jetty-servlet-11.0.19.jar:/Users/jialingma/.m2/repository/org/eclipse/jetty/jetty-util/11.0.19/jetty-util-11.0.19.jar:/Users/jialingma/.m2/repository/org/eclipse/jetty/toolchain/setuid/jetty-setuid-java/1.0.4/jetty-setuid-java-1.0.4.jar:/Users/jialingma/.m2/repository/jakarta/inject/jakarta.inject-api/2.0.1.MR/jakarta.inject-api-2.0.1.MR.jar:/Users/jialingma/.m2/repository/org/glassfish/jersey/core/jersey-common/3.0.12/jersey-common-3.0.12.jar:/Users/jialingma/.m2/repository/org/glassfish/hk2/osgi-resource-locator/1.0.3/osgi-resource-locator-1.0.3.jar:/Users/jialingma/.m2/repository/org/glassfish/jersey/ext/jersey-bean-validation/3.0.12/jersey-bean-validation-3.0.12.jar:/Users/jialingma/.m2/repository/org/slf4j/slf4j-api/2.0.9/slf4j-api-2.0.9.jar:/Users/jialingma/.m2/repository/com/fasterxml/jackson/core/jackson-annotations/2.16.0/jackson-annotations-2.16.0.jar:/Users/jialingma/.m2/repository/jakarta/validation/jakarta.validation-api/3.0.2/jakarta.validation-api-3.0.2.jar:/Users/jialingma/.m2/repository/org/hibernate/validator/hibernate-validator/7.0.5.Final/hibernate-validator-7.0.5.Final.jar:/Users/jialingma/.m2/repository/org/jboss/logging/jboss-logging/3.5.3.Final/jboss-logging-3.5.3.Final.jar:/Users/jialingma/.m2/repository/com/fasterxml/classmate/1.6.0/classmate-1.6.0.jar:/Users/jialingma/.m2/repository/junit/junit/4.13.2/junit-4.13.2.jar:/Users/jialingma/.m2/repository/org/hamcrest/hamcrest-core/1.3/hamcrest-core-1.3.jar:/Users/jialingma/.m2/repository/org/junit/jupiter/junit-jupiter/5.10.1/junit-jupiter-5.10.1.jar:/Users/jialingma/.m2/repository/org/junit/jupiter/junit-jupiter-api/5.10.1/junit-jupiter-api-5.10.1.jar:/Users/jialingma/.m2/repository/org/opentest4j/opentest4j/1.3.0/opentest4j-1.3.0.jar:/Users/jialingma/.m2/repository/org/junit/platform/junit-platform-commons/1.10.1/junit-platform-commons-1.10.1.jar:/Users/jialingma/.m2/repository/org/apiguardian/apiguardian-api/1.1.2/apiguardian-api-1.1.2.jar:/Users/jialingma/.m2/repository/org/junit/jupiter/junit-jupiter-params/5.10.1/junit-jupiter-params-5.10.1.jar:/Users/jialingma/.m2/repository/org/junit/jupiter/junit-jupiter-engine/5.10.1/junit-jupiter-engine-5.10.1.jar:/Users/jialingma/.m2/repository/org/junit/platform/junit-platform-engine/1.10.1/junit-platform-engine-1.10.1.jar:"/>
    <property name="java.vm.vendor" value="Homebrew"/>
    <property name="sun.arch.data.model" value="64"/>
    <property name="java.vendor.url" value="https://github.com/Homebrew/homebrew-core/issues"/>
    <property name="os.name" value="Mac OS X"/>
    <property name="java.vm.specification.version" value="24"/>
    <property name="sun.java.launcher" value="SUN_STANDARD"/>
    <property name="user.country" value="GB"/>
    <property name="sun.boot.library.path" value="/opt/homebrew/Cellar/openjdk/24.0.1/libexec/openjdk.jdk/Contents/Home/lib"/>
    <property name="sun.java.command" value="/Users/jialingma/Desktop/coin-api/coin-api/target/surefire/surefirebooter-20250628173209458_3.jar /Users/jialingma/Desktop/coin-api/coin-api/target/surefire 2025-06-28T17-32-09_431-jvmRun1 surefire-20250628173209458_1tmp surefire_0-20250628173209458_2tmp"/>
    <property name="http.nonProxyHosts" value="local|*.local|169.254/16|*.169.254/16"/>
    <property name="jdk.debug" value="release"/>
    <property name="surefire.test.class.path" value="/Users/jialingma/Desktop/coin-api/coin-api/target/test-classes:/Users/jialingma/Desktop/coin-api/coin-api/target/classes:/Users/jialingma/.m2/repository/io/dropwizard/dropwizard-core/4.0.5/dropwizard-core-4.0.5.jar:/Users/jialingma/.m2/repository/io/dropwizard/dropwizard-util/4.0.5/dropwizard-util-4.0.5.jar:/Users/jialingma/.m2/repository/io/dropwizard/dropwizard-jackson/4.0.5/dropwizard-jackson-4.0.5.jar:/Users/jialingma/.m2/repository/com/google/guava/guava/33.0.0-jre/guava-33.0.0-jre.jar:/Users/jialingma/.m2/repository/com/google/guava/failureaccess/1.0.2/failureaccess-1.0.2.jar:/Users/jialingma/.m2/repository/com/google/guava/listenablefuture/9999.0-empty-to-avoid-conflict-with-guava/listenablefuture-9999.0-empty-to-avoid-conflict-with-guava.jar:/Users/jialingma/.m2/repository/com/google/j2objc/j2objc-annotations/2.8/j2objc-annotations-2.8.jar:/Users/jialingma/.m2/repository/com/github/ben-manes/caffeine/caffeine/3.1.8/caffeine-3.1.8.jar:/Users/jialingma/.m2/repository/com/fasterxml/jackson/core/jackson-core/2.16.0/jackson-core-2.16.0.jar:/Users/jialingma/.m2/repository/com/fasterxml/jackson/datatype/jackson-datatype-guava/2.16.0/jackson-datatype-guava-2.16.0.jar:/Users/jialingma/.m2/repository/com/fasterxml/jackson/datatype/jackson-datatype-jsr310/2.16.0/jackson-datatype-jsr310-2.16.0.jar:/Users/jialingma/.m2/repository/com/fasterxml/jackson/datatype/jackson-datatype-jdk8/2.16.0/jackson-datatype-jdk8-2.16.0.jar:/Users/jialingma/.m2/repository/com/fasterxml/jackson/module/jackson-module-parameter-names/2.16.0/jackson-module-parameter-names-2.16.0.jar:/Users/jialingma/.m2/repository/com/fasterxml/jackson/module/jackson-module-blackbird/2.16.0/jackson-module-blackbird-2.16.0.jar:/Users/jialingma/.m2/repository/io/dropwizard/dropwizard-validation/4.0.5/dropwizard-validation-4.0.5.jar:/Users/jialingma/.m2/repository/org/glassfish/jakarta.el/4.0.2/jakarta.el-4.0.2.jar:/Users/jialingma/.m2/repository/jakarta/el/jakarta.el-api/4.0.0/jakarta.el-api-4.0.0.jar:/Users/jialingma/.m2/repository/io/dropwizard/dropwizard-configuration/4.0.5/dropwizard-configuration-4.0.5.jar:/Users/jialingma/.m2/repository/com/fasterxml/jackson/dataformat/jackson-dataformat-yaml/2.16.0/jackson-dataformat-yaml-2.16.0.jar:/Users/jialingma/.m2/repository/org/yaml/snakeyaml/2.2/snakeyaml-2.2.jar:/Users/jialingma/.m2/repository/org/apache/commons/commons-text/1.11.0/commons-text-1.11.0.jar:/Users/jialingma/.m2/repository/org/apache/commons/commons-lang3/3.14.0/commons-lang3-3.14.0.jar:/Users/jialingma/.m2/repository/io/dropwizard/dropwizard-logging/4.0.5/dropwizard-logging-4.0.5.jar:/Users/jialingma/.m2/repository/io/dropwizard/metrics/metrics-logback/4.2.23/metrics-logback-4.2.23.jar:/Users/jialingma/.m2/repository/org/slf4j/jul-to-slf4j/2.0.9/jul-to-slf4j-2.0.9.jar:/Users/jialingma/.m2/repository/ch/qos/logback/logback-core/1.4.14/logback-core-1.4.14.jar:/Users/jialingma/.m2/repository/com/google/errorprone/error_prone_annotations/2.23.0/error_prone_annotations-2.23.0.jar:/Users/jialingma/.m2/repository/io/dropwizard/logback/logback-throttling-appender/1.4.1/logback-throttling-appender-1.4.1.jar:/Users/jialingma/.m2/repository/org/slf4j/log4j-over-slf4j/2.0.9/log4j-over-slf4j-2.0.9.jar:/Users/jialingma/.m2/repository/org/slf4j/jcl-over-slf4j/2.0.9/jcl-over-slf4j-2.0.9.jar:/Users/jialingma/.m2/repository/io/dropwizard/dropwizard-metrics/4.0.5/dropwizard-metrics-4.0.5.jar:/Users/jialingma/.m2/repository/io/dropwizard/dropwizard-jersey/4.0.5/dropwizard-jersey-4.0.5.jar:/Users/jialingma/.m2/repository/org/glassfish/jersey/core/jersey-server/3.0.12/jersey-server-3.0.12.jar:/Users/jialingma/.m2/repository/org/glassfish/jersey/ext/jersey-metainf-services/3.0.12/jersey-metainf-services-3.0.12.jar:/Users/jialingma/.m2/repository/org/glassfish/jersey/inject/jersey-hk2/3.0.12/jersey-hk2-3.0.12.jar:/Users/jialingma/.m2/repository/org/glassfish/hk2/hk2-locator/3.0.5/hk2-locator-3.0.5.jar:/Users/jialingma/.m2/repository/org/javassist/javassist/3.30.1-GA/javassist-3.30.1-GA.jar:/Users/jialingma/.m2/repository/io/dropwizard/metrics/metrics-jersey3/4.2.23/metrics-jersey3-4.2.23.jar:/Users/jialingma/.m2/repository/com/fasterxml/jackson/jakarta/rs/jackson-jakarta-rs-json-provider/2.16.0/jackson-jakarta-rs-json-provider-2.16.0.jar:/Users/jialingma/.m2/repository/com/fasterxml/jackson/jakarta/rs/jackson-jakarta-rs-base/2.16.0/jackson-jakarta-rs-base-2.16.0.jar:/Users/jialingma/.m2/repository/com/fasterxml/jackson/module/jackson-module-jakarta-xmlbind-annotations/2.16.0/jackson-module-jakarta-xmlbind-annotations-2.16.0.jar:/Users/jialingma/.m2/repository/jakarta/xml/bind/jakarta.xml.bind-api/3.0.1/jakarta.xml.bind-api-3.0.1.jar:/Users/jialingma/.m2/repository/com/sun/activation/jakarta.activation/2.0.1/jakarta.activation-2.0.1.jar:/Users/jialingma/.m2/repository/jakarta/activation/jakarta.activation-api/2.0.1/jakarta.activation-api-2.0.1.jar:/Users/jialingma/.m2/repository/jakarta/annotation/jakarta.annotation-api/2.0.0/jakarta.annotation-api-2.0.0.jar:/Users/jialingma/.m2/repository/org/glassfish/hk2/hk2-api/3.0.5/hk2-api-3.0.5.jar:/Users/jialingma/.m2/repository/org/glassfish/hk2/hk2-utils/3.0.5/hk2-utils-3.0.5.jar:/Users/jialingma/.m2/repository/org/glassfish/hk2/external/aopalliance-repackaged/3.0.5/aopalliance-repackaged-3.0.5.jar:/Users/jialingma/.m2/repository/org/glassfish/jersey/containers/jersey-container-servlet/3.0.12/jersey-container-servlet-3.0.12.jar:/Users/jialingma/.m2/repository/org/glassfish/jersey/containers/jersey-container-servlet-core/3.0.12/jersey-container-servlet-core-3.0.12.jar:/Users/jialingma/.m2/repository/org/glassfish/jersey/core/jersey-client/3.0.12/jersey-client-3.0.12.jar:/Users/jialingma/.m2/repository/org/eclipse/jetty/jetty-io/11.0.19/jetty-io-11.0.19.jar:/Users/jialingma/.m2/repository/io/dropwizard/dropwizard-servlets/4.0.5/dropwizard-servlets-4.0.5.jar:/Users/jialingma/.m2/repository/io/dropwizard/dropwizard-jetty/4.0.5/dropwizard-jetty-4.0.5.jar:/Users/jialingma/.m2/repository/org/eclipse/jetty/jetty-servlets/11.0.19/jetty-servlets-11.0.19.jar:/Users/jialingma/.m2/repository/org/eclipse/jetty/jetty-http/11.0.19/jetty-http-11.0.19.jar:/Users/jialingma/.m2/repository/io/dropwizard/dropwizard-lifecycle/4.0.5/dropwizard-lifecycle-4.0.5.jar:/Users/jialingma/.m2/repository/io/dropwizard/dropwizard-health/4.0.5/dropwizard-health-4.0.5.jar:/Users/jialingma/.m2/repository/io/dropwizard/metrics/metrics-core/4.2.23/metrics-core-4.2.23.jar:/Users/jialingma/.m2/repository/io/dropwizard/metrics/metrics-annotation/4.2.23/metrics-annotation-4.2.23.jar:/Users/jialingma/.m2/repository/io/dropwizard/metrics/metrics-jetty11/4.2.23/metrics-jetty11-4.2.23.jar:/Users/jialingma/.m2/repository/io/dropwizard/metrics/metrics-jvm/4.2.23/metrics-jvm-4.2.23.jar:/Users/jialingma/.m2/repository/io/dropwizard/metrics/metrics-jmx/4.2.23/metrics-jmx-4.2.23.jar:/Users/jialingma/.m2/repository/io/dropwizard/metrics/metrics-jakarta-servlets/4.2.23/metrics-jakarta-servlets-4.2.23.jar:/Users/jialingma/.m2/repository/io/dropwizard/metrics/metrics-json/4.2.23/metrics-json-4.2.23.jar:/Users/jialingma/.m2/repository/com/helger/profiler/1.1.1/profiler-1.1.1.jar:/Users/jialingma/.m2/repository/io/dropwizard/metrics/metrics-healthchecks/4.2.23/metrics-healthchecks-4.2.23.jar:/Users/jialingma/.m2/repository/io/dropwizard/dropwizard-request-logging/4.0.5/dropwizard-request-logging-4.0.5.jar:/Users/jialingma/.m2/repository/ch/qos/logback/logback-access/1.4.14/logback-access-1.4.14.jar:/Users/jialingma/.m2/repository/ch/qos/logback/logback-classic/1.4.14/logback-classic-1.4.14.jar:/Users/jialingma/.m2/repository/com/fasterxml/jackson/core/jackson-databind/2.16.0/jackson-databind-2.16.0.jar:/Users/jialingma/.m2/repository/org/checkerframework/checker-qual/3.42.0/checker-qual-3.42.0.jar:/Users/jialingma/.m2/repository/jakarta/servlet/jakarta.servlet-api/5.0.0/jakarta.servlet-api-5.0.0.jar:/Users/jialingma/.m2/repository/jakarta/ws/rs/jakarta.ws.rs-api/3.0.0/jakarta.ws.rs-api-3.0.0.jar:/Users/jialingma/.m2/repository/net/sourceforge/argparse4j/argparse4j/0.9.0/argparse4j-0.9.0.jar:/Users/jialingma/.m2/repository/org/eclipse/jetty/jetty-security/11.0.19/jetty-security-11.0.19.jar:/Users/jialingma/.m2/repository/org/eclipse/jetty/jetty-server/11.0.19/jetty-server-11.0.19.jar:/Users/jialingma/.m2/repository/org/eclipse/jetty/jetty-servlet/11.0.19/jetty-servlet-11.0.19.jar:/Users/jialingma/.m2/repository/org/eclipse/jetty/jetty-util/11.0.19/jetty-util-11.0.19.jar:/Users/jialingma/.m2/repository/org/eclipse/jetty/toolchain/setuid/jetty-setuid-java/1.0.4/jetty-setuid-java-1.0.4.jar:/Users/jialingma/.m2/repository/jakarta/inject/jakarta.inject-api/2.0.1.MR/jakarta.inject-api-2.0.1.MR.jar:/Users/jialingma/.m2/repository/org/glassfish/jersey/core/jersey-common/3.0.12/jersey-common-3.0.12.jar:/Users/jialingma/.m2/repository/org/glassfish/hk2/osgi-resource-locator/1.0.3/osgi-resource-locator-1.0.3.jar:/Users/jialingma/.m2/repository/org/glassfish/jersey/ext/jersey-bean-validation/3.0.12/jersey-bean-validation-3.0.12.jar:/Users/jialingma/.m2/repository/org/slf4j/slf4j-api/2.0.9/slf4j-api-2.0.9.jar:/Users/jialingma/.m2/repository/com/fasterxml/jackson/core/jackson-annotations/2.16.0/jackson-annotations-2.16.0.jar:/Users/jialingma/.m2/repository/jakarta/validation/jakarta.validation-api/3.0.2/jakarta.validation-api-3.0.2.jar:/Users/jialingma/.m2/repository/org/hibernate/validator/hibernate-validator/7.0.5.Final/hibernate-validator-7.0.5.Final.jar:/Users/jialingma/.m2/repository/org/jboss/logging/jboss-logging/3.5.3.Final/jboss-logging-3.5.3.Final.jar:/Users/jialingma/.m2/repository/com/fasterxml/classmate/1.6.0/classmate-1.6.0.jar:/Users/jialingma/.m2/repository/junit/junit/4.13.2/junit-4.13.2.jar:/Users/jialingma/.m2/repository/org/hamcrest/hamcrest-core/1.3/hamcrest-core-1.3.jar:/Users/jialingma/.m2/repository/org/junit/jupiter/junit-jupiter/5.10.1/junit-jupiter-5.10.1.jar:/Users/jialingma/.m2/repository/org/junit/jupiter/junit-jupiter-api/5.10.1/junit-jupiter-api-5.10.1.jar:/Users/jialingma/.m2/repository/org/opentest4j/opentest4j/1.3.0/opentest4j-1.3.0.jar:/Users/jialingma/.m2/repository/org/junit/platform/junit-platform-commons/1.10.1/junit-platform-commons-1.10.1.jar:/Users/jialingma/.m2/repository/org/apiguardian/apiguardian-api/1.1.2/apiguardian-api-1.1.2.jar:/Users/jialingma/.m2/repository/org/junit/jupiter/junit-jupiter-params/5.10.1/junit-jupiter-params-5.10.1.jar:/Users/jialingma/.m2/repository/org/junit/jupiter/junit-jupiter-engine/5.10.1/junit-jupiter-engine-5.10.1.jar:/Users/jialingma/.m2/repository/org/junit/platform/junit-platform-engine/1.10.1/junit-platform-engine-1.10.1.jar:"/>
    <property name="sun.cpu.endian" value="little"/>
    <property name="user.home" value="/Users/jialingma"/>
    <property name="user.language" value="en"/>
    <property name="java.specification.vendor" value="Oracle Corporation"/>
    <property name="java.version.date" value="2025-04-15"/>
    <property name="java.home" value="/opt/homebrew/Cellar/openjdk/24.0.1/libexec/openjdk.jdk/Contents/Home"/>
    <property name="file.separator" value="/"/>
    <property name="basedir" value="/Users/jialingma/Desktop/coin-api/coin-api"/>
    <property name="java.vm.compressedOopsMode" value="Zero based"/>
    <property name="line.separator" value="&#10;"/>
    <property name="java.vm.specification.vendor" value="Oracle Corporation"/>
    <property name="java.specification.name" value="Java Platform API Specification"/>
    <property name="apple.awt.application.name" value="ForkedBooter"/>
    <property name="surefire.real.class.path" value="/Users/jialingma/Desktop/coin-api/coin-api/target/surefire/surefirebooter-20250628173209458_3.jar"/>
    <property name="sun.management.compiler" value="HotSpot 64-Bit Tiered Compilers"/>
    <property name="ftp.nonProxyHosts" value="local|*.local|169.254/16|*.169.254/16"/>
    <property name="java.runtime.version" value="24.0.1"/>
    <property name="user.name" value="jialingma"/>
    <property name="stdout.encoding" value="UTF-8"/>
    <property name="path.separator" value=":"/>
    <property name="os.version" value="15.5"/>
    <property name="java.runtime.name" value="OpenJDK Runtime Environment"/>
    <property name="file.encoding" value="UTF-8"/>
    <property name="java.vm.name" value="OpenJDK 64-Bit Server VM"/>
    <property name="java.vendor.version" value="Homebrew"/>
    <property name="localRepository" value="/Users/jialingma/.m2/repository"/>
    <property name="java.vendor.url.bug" value="https://github.com/Homebrew/homebrew-core/issues"/>
    <property name="java.io.tmpdir" value="/var/folders/kf/60kyg60s0mb8wv_2plksd4g00000gn/T/"/>
    <property name="java.version" value="24.0.1"/>
    <property name="user.dir" value="/Users/jialingma/Desktop/coin-api/coin-api"/>
    <property name="os.arch" value="aarch64"/>
    <property name="java.vm.specification.name" value="Java Virtual Machine Specification"/>
    <property name="native.encoding" value="UTF-8"/>
    <property name="java.library.path" value="/Users/jialingma/Library/Java/Extensions:/Library/Java/Extensions:/Network/Library/Java/Extensions:/System/Library/Java/Extensions:/usr/lib/java:."/>
    <property name="java.vm.info" value="mixed mode, sharing"/>
    <property name="stderr.encoding" value="UTF-8"/>
    <property name="java.vendor" value="Homebrew"/>
    <property name="java.vm.version" value="24.0.1"/>
    <property name="sun.io.unicode.encoding" value="UnicodeBig"/>
    <property name="socksNonProxyHosts" value="local|*.local|169.254/16|*.169.254/16"/>
    <property name="java.class.version" value="68.0"/>
  </properties>
  <testcase name="testInvalidDenomination" classname="com.example.core.CoinChangeCalculatorTest" time="0.008"/>
  <testcase name="testExample1" classname="com.example.core.CoinChangeCalculatorTest" time="0.001"/>
  <testcase name="testExample2" classname="com.example.core.CoinChangeCalculatorTest" time="0.001"/>
  <testcase name="testBoundaryAmounts" classname="com.example.core.CoinChangeCalculatorTest" time="0.001"/>
  <testcase name="testInvalidAmount" classname="com.example.core.CoinChangeCalculatorTest" time="0.0"/>
  <testcase name="testEmptyDenominations" classname="com.example.core.CoinChangeCalculatorTest" time="0.001"/>
  <testcase name="testImpossibleAmount" classname="com.example.core.CoinChangeCalculatorTest" time="0.0"/>
  <testcase name="testAllSmallestDenominations" classname="com.example.core.CoinChangeCalculatorTest" time="0.0"/>
</testsuite>